<?xml version="1.0" encoding="UTF-8"?>
<!-- Generated by org.testng.reporters.JUnitReportReporter -->
<testsuite hostname="DESKTOP-ABJFIHD" failures="0" tests="6" name="api.testCases.UserTestDD" time="9.479" errors="0" timestamp="2024-07-29T16:44:37 IST" skipped="0">
  <testcase classname="api.testCases.UserTestDD" name="testCreateUser" time="1.601"/>
  <system-out/>
  <testcase classname="api.testCases.UserTestDD" name="testCreateUser" time="1.598"/>
  <system-out/>
  <testcase classname="api.testCases.UserTestDD" name="testCreateUser" time="1.620"/>
  <system-out/>
  <testcase classname="api.testCases.UserTestDD" name="testDeleteUser" time="1.510"/>
  <system-out/>
  <testcase classname="api.testCases.UserTestDD" name="testDeleteUser" time="1.596"/>
  <system-out/>
  <testcase classname="api.testCases.UserTestDD" name="testDeleteUser" time="1.554"/>
  <system-out/>
</testsuite> <!-- api.testCases.UserTestDD -->
