<?xml version="1.0" encoding="UTF-8"?>
<!-- Generated by org.testng.reporters.JUnitReportReporter -->
<testsuite hostname="DESKTOP-ABJFIHD" failures="0" tests="1" name="api.testCases.UserTest" time="3.131" errors="0" timestamp="2024-08-06T15:46:50 IST" skipped="0">
  <testcase classname="api.testCases.UserTest" name="testLoginUser404" time="3.131"/>
  <system-out/>
</testsuite> <!-- api.testCases.UserTest -->
